<?xml version="1.0" encoding="UTF-8"?>
<testng-results ignored="0" total="1" passed="1" failed="0" skipped="0">
  <reporter-output>
  </reporter-output>
  <suite started-at="2022-11-30T18:35:16 IST" name="Default suite" finished-at="2022-11-30T18:35:25 IST" duration-ms="8962">
    <groups>
    </groups>
    <test started-at="2022-11-30T18:35:16 IST" name="Default test" finished-at="2022-11-30T18:35:25 IST" duration-ms="8962">
      <class name="Dentsu_QA_Firefox.Broswer_Init">
        <test-method is-config="true" signature="setup()[pri:0, instance:Dentsu_QA_Firefox.Broswer_Init@771a660]" started-at="2022-11-30T18:35:16 IST" name="setup" finished-at="2022-11-30T18:35:21 IST" duration-ms="4308" status="PASS">
          <reporter-output>
          </reporter-output>
        </test-method> <!-- setup -->
        <test-method signature="run()[pri:0, instance:Dentsu_QA_Firefox.Broswer_Init@771a660]" started-at="2022-11-30T18:35:21 IST" name="run" finished-at="2022-11-30T18:35:25 IST" duration-ms="4621" status="PASS">
          <reporter-output>
          </reporter-output>
        </test-method> <!-- run -->
      </class> <!-- Dentsu_QA_Firefox.Broswer_Init -->
    </test> <!-- Default test -->
  </suite> <!-- Default suite -->
</testng-results>
